Build started 1/9/2018 3:05:07 PM.
     1>Project "C:\Users\Mohamm@d\Desktop\convert decimal to hexadecimal\convert decimal to hexadecimal\convert decimal to hexadecimal.vcxproj" on node 2 (build target(s)).
     1>InitializeBuildStatus:
         Creating "Debug\convert decimal to hexadecimal.unsuccessfulbuild" because "AlwaysCreate" was specified.
       ClCompile:
         C:\Program Files (x86)\Microsoft Visual Studio 10.0\VC\bin\CL.exe /c /ZI /nologo /W3 /WX- /Od /Oy- /D WIN32 /D _DEBUG /D _CONSOLE /D _UNICODE /D UNICODE /Gm /EHsc /RTC1 /MDd /GS /fp:precise /Zc:wchar_t /Zc:forScope /Fo"Debug\\" /Fd"Debug\vc100.pdb" /Gd /TP /analyze- /errorReport:prompt "..\..\..\..\Mohamm@d\Desktop\convert decimal to hexadecimal\convert decimal to hexadecimal\convert decimal to hexadecimal.cpp"
         convert decimal to hexadecimal.cpp
       ManifestResourceCompile:
         All outputs are up-to-date.
       Link:
         C:\Program Files (x86)\Microsoft Visual Studio 10.0\VC\bin\link.exe /ERRORREPORT:PROMPT /OUT:"C:\Users\Mohamm@d\Desktop\convert decimal to hexadecimal\Debug\convert decimal to hexadecimal.exe" /INCREMENTAL /NOLOGO kernel32.lib user32.lib gdi32.lib winspool.lib comdlg32.lib advapi32.lib shell32.lib ole32.lib oleaut32.lib uuid.lib odbc32.lib odbccp32.lib /MANIFEST /ManifestFile:"Debug\convert decimal to hexadecimal.exe.intermediate.manifest" /MANIFESTUAC:"level='asInvoker' uiAccess='false'" /DEBUG /PDB:"C:\Users\Mohamm@d\Desktop\convert decimal to hexadecimal\Debug\convert decimal to hexadecimal.pdb" /SUBSYSTEM:CONSOLE /TLBID:1 /DYNAMICBASE /NXCOMPAT /IMPLIB:"C:\Users\Mohamm@d\Desktop\convert decimal to hexadecimal\Debug\convert decimal to hexadecimal.lib" /MACHINE:X86 "Debug\convert decimal to hexadecimal.exe.embed.manifest.res"
         "Debug\convert decimal to hexadecimal.obj"
       Manifest:
         C:\Program Files (x86)\Microsoft SDKs\Windows\v7.0A\bin\mt.exe /nologo /verbose /out:"Debug\convert decimal to hexadecimal.exe.embed.manifest" /manifest "Debug\convert decimal to hexadecimal.exe.intermediate.manifest"
         All outputs are up-to-date.
       LinkEmbedManifest:
         All outputs are up-to-date.
         convert decimal to hexadecimal.vcxproj -> C:\Users\Mohamm@d\Desktop\convert decimal to hexadecimal\Debug\convert decimal to hexadecimal.exe
       FinalizeBuildStatus:
         Deleting file "Debug\convert decimal to hexadecimal.unsuccessfulbuild".
         Touching "Debug\convert decimal to hexadecimal.lastbuildstate".
     1>Done Building Project "C:\Users\Mohamm@d\Desktop\convert decimal to hexadecimal\convert decimal to hexadecimal\convert decimal to hexadecimal.vcxproj" (build target(s)).

Build succeeded.

Time Elapsed 00:00:01.52
